Start testing: Dec 05 14:17 CET
----------------------------------------------------------
1/1 Testing: SimpleTest
1/1 Test: SimpleTest
Command: "/home/iut45/Etudiants/o22202319/Documents/multimedia/canevasTD5/b/td"
Directory: /home/iut45/Etudiants/o22202319/Documents/multimedia/canevasTD5/b
"SimpleTest" start time: Dec 05 14:17 CET
Output:
----------------------------------------------------------
81006.42372
<end of output>
Test time =  67.35 sec
----------------------------------------------------------
Test Passed.
"SimpleTest" end time: Dec 05 14:18 CET
"SimpleTest" time elapsed: 00:01:07
----------------------------------------------------------

End testing: Dec 05 14:18 CET
