Start testing: Nov 22 16:41 CET
----------------------------------------------------------
1/1 Testing: SimpleTest
1/1 Test: SimpleTest
Command: "/home/iut45/Etudiants/o22202319/Documents/multimedia/td2/TDDepart/b/td"
Directory: /home/iut45/Etudiants/o22202319/Documents/multimedia/td2/TDDepart/b
"SimpleTest" start time: Nov 22 16:41 CET
Output:
----------------------------------------------------------
reshape
display
<end of output>
Test time =   2.38 sec
----------------------------------------------------------
Test Passed.
"SimpleTest" end time: Nov 22 16:41 CET
"SimpleTest" time elapsed: 00:00:02
----------------------------------------------------------

End testing: Nov 22 16:41 CET
