Start testing: Dec 05 10:09 CET
----------------------------------------------------------
1/1 Testing: SimpleTest
1/1 Test: SimpleTest
Command: "/home/iut45/Etudiants/o22202319/Documents/multimedia/canevasTD4/b/td"
Directory: /home/iut45/Etudiants/o22202319/Documents/multimedia/canevasTD4/b
"SimpleTest" start time: Dec 05 10:09 CET
Output:
----------------------------------------------------------
<end of output>
Test time =   1.92 sec
----------------------------------------------------------
Test Passed.
"SimpleTest" end time: Dec 05 10:09 CET
"SimpleTest" time elapsed: 00:00:01
----------------------------------------------------------

End testing: Dec 05 10:09 CET
