Start testing: Nov 29 16:43 CET
----------------------------------------------------------
1/1 Testing: SimpleTest
1/1 Test: SimpleTest
Command: "/home/iut45/Etudiants/o22202319/Documents/multimedia/canevasTD4/b/td"
Directory: /home/iut45/Etudiants/o22202319/Documents/multimedia/canevasTD4/b
"SimpleTest" start time: Nov 29 16:43 CET
Output:
----------------------------------------------------------
<end of output>
Test time =   2.76 sec
----------------------------------------------------------
Test Passed.
"SimpleTest" end time: Nov 29 16:43 CET
"SimpleTest" time elapsed: 00:00:02
----------------------------------------------------------

End testing: Nov 29 16:43 CET
